<?xml version="1.0" encoding="UTF-8"?>
<!-- Generated by org.testng.reporters.JUnitXMLReporter -->
<testsuite hostname="LAPTOP-J365QQV5" ignored="0" name="VerifyTitlePageTest" tests="1" failures="1" timestamp="2022-04-26T13:22:34 IST" time="24.69" errors="0">
  <testcase name="verifyTitle" time="3.116" classname="com.actitime.testscripts.VerifyHomeTitleTest">
    <failure type="java.lang.AssertionError" message="expected [true] but found [false]">
      <![CDATA[java.lang.AssertionError: expected [true] but found [false]
at com.actitime.testscripts.VerifyHomeTitleTest.verifyTitle(VerifyHomeTitleTest.java:24)
at java.util.ArrayList.forEach(ArrayList.java:1259)
... Removed 31 stack frames]]>
    </failure>
  </testcase> <!-- verifyTitle -->
</testsuite> <!-- VerifyTitlePageTest -->
